Traceback (most recent call last):
  File "C:\Users\Dell\AppData\Local\Programs\Python\Python312\Lib\site-packages\jupyter_cache\executors\utils.py", line 58, in single_nb_execution
    executenb(
  File "C:\Users\Dell\AppData\Local\Programs\Python\Python312\Lib\site-packages\nbclient\client.py", line 1314, in execute
    return NotebookClient(nb=nb, resources=resources, km=km, **kwargs).execute()
           ^^^^^^^^^^^^^^^^^^^^^^^^^^^^^^^^^^^^^^^^^^^^^^^^^^^^^^^^^^^^^^^^^^^^^
  File "C:\Users\Dell\AppData\Roaming\Python\Python312\site-packages\jupyter_core\utils\__init__.py", line 165, in wrapped
    return loop.run_until_complete(inner)
           ^^^^^^^^^^^^^^^^^^^^^^^^^^^^^^
  File "C:\Users\Dell\AppData\Local\Programs\Python\Python312\Lib\asyncio\base_events.py", line 685, in run_until_complete
    return future.result()
           ^^^^^^^^^^^^^^^
  File "C:\Users\Dell\AppData\Local\Programs\Python\Python312\Lib\site-packages\nbclient\client.py", line 709, in async_execute
    await self.async_execute_cell(
  File "C:\Users\Dell\AppData\Local\Programs\Python\Python312\Lib\site-packages\nbclient\client.py", line 1062, in async_execute_cell
    await self._check_raise_for_error(cell, cell_index, exec_reply)
  File "C:\Users\Dell\AppData\Local\Programs\Python\Python312\Lib\site-packages\nbclient\client.py", line 918, in _check_raise_for_error
    raise CellExecutionError.from_cell_and_msg(cell, exec_reply_content)
nbclient.exceptions.CellExecutionError: An error occurred while executing the following cell:
------------------

rules = [   
    "overwatering(X) :- wilting(X), yellow_leavs(X)",
    "fungal_infection(X) :- brown_spot(X), mold(X)",
    "nutrient_deficiency (X) :- slow_growth(X), yellow_leavs(X)",
    "insufficient_light (X) :- weak_stems(X), slow_growth(X)",
    "underwatering(X) :- drooping(X), leaf_drop(X)",
]

i_list = ["wilting","yellow_leavs"]
x= str(input("isues : "))

x = x.split(" ")

for a in range(len(x)):
    x[a] = f"{x[a]}(myplant)"

rules.extend(x)

plants_kb = pl.KnowledgeBase("plants")

plants_kb(rules)


print(plants_kb.query(pl.Expr('overwatering(X)')))
print(plants_kb.query(pl.Expr('fungal_infection(X)')))
print(plants_kb.query(pl.Expr('nutrient_deficiency(X)')))
print(plants_kb.query(pl.Expr('insufficient_light(X)')))
print(plants_kb.query(pl.Expr('underwatering(X)')))
------------------


[1;31m---------------------------------------------------------------------------[0m
[1;31mStdinNotImplementedError[0m                  Traceback (most recent call last)
Cell [1;32mIn[8], line 10[0m
[0;32m      1[0m rules [38;5;241m=[39m [   
[0;32m      2[0m     [38;5;124m"[39m[38;5;124moverwatering(X) :- wilting(X), yellow_leavs(X)[39m[38;5;124m"[39m,
[0;32m      3[0m     [38;5;124m"[39m[38;5;124mfungal_infection(X) :- brown_spot(X), mold(X)[39m[38;5;124m"[39m,
[1;32m   (...)[0m
[0;32m      6[0m     [38;5;124m"[39m[38;5;124munderwatering(X) :- drooping(X), leaf_drop(X)[39m[38;5;124m"[39m,
[0;32m      7[0m ]
[0;32m      9[0m i_list [38;5;241m=[39m [[38;5;124m"[39m[38;5;124mwilting[39m[38;5;124m"[39m,[38;5;124m"[39m[38;5;124myellow_leavs[39m[38;5;124m"[39m]
[1;32m---> 10[0m x[38;5;241m=[39m [38;5;28mstr[39m([38;5;28;43minput[39;49m[43m([49m[38;5;124;43m"[39;49m[38;5;124;43misues : [39;49m[38;5;124;43m"[39;49m[43m)[49m)
[0;32m     12[0m x [38;5;241m=[39m x[38;5;241m.[39msplit([38;5;124m"[39m[38;5;124m [39m[38;5;124m"[39m)
[0;32m     14[0m [38;5;28;01mfor[39;00m a [38;5;129;01min[39;00m [38;5;28mrange[39m([38;5;28mlen[39m(x)):

File [1;32m~\AppData\Roaming\Python\Python312\site-packages\ipykernel\kernelbase.py:1281[0m, in [0;36mKernel.raw_input[1;34m(self, prompt)[0m
[0;32m   1279[0m [38;5;28;01mif[39;00m [38;5;129;01mnot[39;00m [38;5;28mself[39m[38;5;241m.[39m_allow_stdin:
[0;32m   1280[0m     msg [38;5;241m=[39m [38;5;124m"[39m[38;5;124mraw_input was called, but this frontend does not support input requests.[39m[38;5;124m"[39m
[1;32m-> 1281[0m     [38;5;28;01mraise[39;00m StdinNotImplementedError(msg)
[0;32m   1282[0m [38;5;28;01mreturn[39;00m [38;5;28mself[39m[38;5;241m.[39m_input_request(
[0;32m   1283[0m     [38;5;28mstr[39m(prompt),
[0;32m   1284[0m     [38;5;28mself[39m[38;5;241m.[39m_parent_ident[[38;5;124m"[39m[38;5;124mshell[39m[38;5;124m"[39m],
[0;32m   1285[0m     [38;5;28mself[39m[38;5;241m.[39mget_parent([38;5;124m"[39m[38;5;124mshell[39m[38;5;124m"[39m),
[0;32m   1286[0m     password[38;5;241m=[39m[38;5;28;01mFalse[39;00m,
[0;32m   1287[0m )

[1;31mStdinNotImplementedError[0m: raw_input was called, but this frontend does not support input requests.

